This is XeTeX, Version 3.14159265-2.6-0.99992 (TeX Live 2015/Debian) (preloaded format=xelatex 2020.4.18)  17 JUN 2020 03:40
entering extended mode
 \write18 enabled.
 Source specials enabled.
 file:line:error style messages enabled.
 %&-line parsing enabled.
**cabstractpage.tex
(./cabstractpage.tex
LaTeX2e <2016/02/01>
Babel <3.9q> and hyphenation patterns for 81 language(s) loaded.

./cabstractpage.tex:2: LaTeX Error: Environment abstractzh undefined.

See the LaTeX manual or LaTeX Companion for explanation.
Type  H <return>  for immediate help.
 ...                                              
                                                  
l.2 \begin{abstractzh}
                      
Your command was ignored.
Type  I <command> <return>  to replace it with another command,
or  <return>  to continue without it.


./cabstractpage.tex:3: LaTeX Error: Missing \begin{document}.

See the LaTeX manual or LaTeX Companion for explanation.
Type  H <return>  for immediate help.
 ...                                              
                                                  
l.3 那
       末，德国解放的实际可能性到底在哪里呢？
You're in trouble here.  Try typing  <return>  to proceed.
If that doesn't work, type  X <return>  to quit.

Missing character: There is no 那 in font nullfont!
Missing character: There is no 末 in font nullfont!
Missing character: There is no ， in font nullfont!
Missing character: There is no 德 in font nullfont!
Missing character: There is no 国 in font nullfont!
Missing character: There is no 解 in font nullfont!
Missing character: There is no 放 in font nullfont!
Missing character: There is no 的 in font nullfont!
Missing character: There is no 实 in font nullfont!
Missing character: There is no 际 in font nullfont!
Missing character: There is no 可 in font nullfont!
Missing character: There is no 能 in font nullfont!
Missing character: There is no 性 in font nullfont!
Missing character: There is no 到 in font nullfont!
Missing character: There is no 底 in font nullfont!
Missing character: There is no 在 in font nullfont!
Missing character: There is no 哪 in font nullfont!
Missing character: There is no 里 in font nullfont!
Missing character: There is no 呢 in font nullfont!
Missing character: There is no ？ in font nullfont!

Overfull \hbox (20.0pt too wide) in paragraph at lines 3--4
[][] 
 []


./cabstractpage.tex:5: LaTeX Error: Missing \begin{document}.

See the LaTeX manual or LaTeX Companion for explanation.
Type  H <return>  for immediate help.
 ...                                              
                                                  
l.5 答
       ：就在于形成一个被彻底的锁链束缚着的阶级，即形...
You're in trouble here.  Try typing  <return>  to proceed.
If that doesn't work, type  X <return>  to quit.

Missing character: There is no 答 in font nullfont!
Missing character: There is no ： in font nullfont!
Missing character: There is no 就 in font nullfont!
Missing character: There is no 在 in font nullfont!
Missing character: There is no 于 in font nullfont!
Missing character: There is no 形 in font nullfont!
Missing character: There is no 成 in font nullfont!
Missing character: There is no 一 in font nullfont!
Missing character: There is no 个 in font nullfont!
Missing character: There is no 被 in font nullfont!
Missing character: There is no 彻 in font nullfont!
Missing character: There is no 底 in font nullfont!
Missing character: There is no 的 in font nullfont!
Missing character: There is no 锁 in font nullfont!
Missing character: There is no 链 in font nullfont!
Missing character: There is no 束 in font nullfont!
Missing character: There is no 缚 in font nullfont!
Missing character: There is no 着 in font nullfont!
Missing character: There is no 的 in font nullfont!
Missing character: There is no 阶 in font nullfont!
Missing character: There is no 级 in font nullfont!
Missing character: There is no ， in font nullfont!
Missing character: There is no 即 in font nullfont!
Missing character: There is no 形 in font nullfont!
Missing character: There is no 成 in font nullfont!
Missing character: There is no 一 in font nullfont!
Missing character: There is no 个 in font nullfont!
Missing character: There is no 非 in font nullfont!
Missing character: There is no 市 in font nullfont!
Missing character: There is no 民 in font nullfont!
Missing character: There is no 社 in font nullfont!
Missing character: There is no 会 in font nullfont!
Missing character: There is no 阶 in font nullfont!
Missing character: There is no 级 in font nullfont!
Missing character: There is no 的 in font nullfont!
Missing character: There is no 市 in font nullfont!
Missing character: There is no 民 in font nullfont!
Missing character: There is no 社 in font nullfont!
Missing character: There is no 会 in font nullfont!
Missing character: There is no 阶 in font nullfont!
Missing character: There is no 级 in font nullfont!
Missing character: There is no ， in font nullfont!
Missing character: There is no 一 in font nullfont!
Missing character: There is no 个 in font nullfont!
Missing character: There is no 表 in font nullfont!
Missing character: There is no 明 in font nullfont!
Missing character: There is no 一 in font nullfont!
Missing character: There is no 切 in font nullfont!
Missing character: There is no 等 in font nullfont!
Missing character: There is no 级 in font nullfont!
Missing character: There is no 解 in font nullfont!
Missing character: There is no 体 in font nullfont!
Missing character: There is no 的 in font nullfont!
Missing character: There is no 等 in font nullfont!
Missing character: There is no 级 in font nullfont!
Missing character: There is no ； in font nullfont!
Missing character: There is no 一 in font nullfont!
Missing character: There is no 个 in font nullfont!
Missing character: There is no 由 in font nullfont!
Missing character: There is no 于 in font nullfont!
Missing character: There is no 自 in font nullfont!
Missing character: There is no 己 in font nullfont!
Missing character: There is no 受 in font nullfont!
Missing character: There is no 的 in font nullfont!
Missing character: There is no 普 in font nullfont!
Missing character: There is no 遍 in font nullfont!
Missing character: There is no 苦 in font nullfont!
Missing character: There is no 难 in font nullfont!
Missing character: There is no 而 in font nullfont!
Missing character: There is no 具 in font nullfont!
Missing character: There is no 有 in font nullfont!
Missing character: There is no 普 in font nullfont!
Missing character: There is no 遍 in font nullfont!
Missing character: There is no 性 in font nullfont!
Missing character: There is no 质 in font nullfont!
Missing character: There is no 的 in font nullfont!
Missing character: There is no 领 in font nullfont!
Missing character: There is no 域 in font nullfont!
Missing character: There is no ， in font nullfont!
Missing character: There is no 这 in font nullfont!
Missing character: There is no 个 in font nullfont!
Missing character: There is no 阶 in font nullfont!
Missing character: There is no 级 in font nullfont!
Missing character: There is no 并 in font nullfont!
Missing character: There is no 不 in font nullfont!
Missing character: There is no 要 in font nullfont!
Missing character: There is no 求 in font nullfont!
Missing character: There is no 享 in font nullfont!
Missing character: There is no 有 in font nullfont!
Missing character: There is no 任 in font nullfont!
Missing character: There is no 何 in font nullfont!
Missing character: There is no 一 in font nullfont!
Missing character: There is no 种 in font nullfont!
Missing character: There is no 特 in font nullfont!
Missing character: There is no 殊 in font nullfont!
Missing character: There is no 权 in font nullfont!
Missing character: There is no 利 in font nullfont!
Missing character: There is no ， in font nullfont!
Missing character: There is no 因 in font nullfont!
Missing character: There is no 为 in font nullfont!
Missing character: There is no 它 in font nullfont!
Missing character: There is no 的 in font nullfont!
Missing character: There is no 痛 in font nullfont!
Missing character: There is no 苦 in font nullfont!
Missing character: There is no 不 in font nullfont!
Missing character: There is no 是 in font nullfont!
Missing character: There is no 特 in font nullfont!
Missing character: There is no 殊 in font nullfont!
Missing character: There is no 的 in font nullfont!
Missing character: There is no 无 in font nullfont!
Missing character: There is no 权 in font nullfont!
Missing character: There is no ， in font nullfont!
Missing character: There is no 而 in font nullfont!
Missing character: There is no 是 in font nullfont!
Missing character: There is no 一 in font nullfont!
Missing character: There is no 般 in font nullfont!
Missing character: There is no 无 in font nullfont!
Missing character: There is no 权 in font nullfont!
Missing character: There is no ， in font nullfont!
Missing character: There is no 它 in font nullfont!
Missing character: There is no 不 in font nullfont!
Missing character: There is no 能 in font nullfont!
Missing character: There is no 再 in font nullfont!
Missing character: There is no 求 in font nullfont!
Missing character: There is no 助 in font nullfont!
Missing character: There is no 于 in font nullfont!
Missing character: There is no 历 in font nullfont!
Missing character: There is no 史 in font nullfont!
Missing character: There is no 权 in font nullfont!
Missing character: There is no 利 in font nullfont!
Missing character: There is no ， in font nullfont!
Missing character: There is no 而 in font nullfont!
Missing character: There is no 只 in font nullfont!
Missing character: There is no 能 in font nullfont!
Missing character: There is no 求 in font nullfont!
Missing character: There is no 助 in font nullfont!
Missing character: There is no 于 in font nullfont!
Missing character: There is no 人 in font nullfont!
Missing character: There is no 权 in font nullfont!
Missing character: There is no ， in font nullfont!
Missing character: There is no 它 in font nullfont!
Missing character: There is no 不 in font nullfont!
Missing character: There is no 是 in font nullfont!
Missing character: There is no 同 in font nullfont!
Missing character: There is no 德 in font nullfont!
Missing character: There is no 国 in font nullfont!
Missing character: There is no 国 in font nullfont!
Missing character: There is no 家 in font nullfont!
Missing character: There is no 制 in font nullfont!
Missing character: There is no 度 in font nullfont!
Missing character: There is no 的 in font nullfont!
Missing character: There is no 后 in font nullfont!
Missing character: There is no 果 in font nullfont!
Missing character: There is no 发 in font nullfont!
Missing character: There is no 生 in font nullfont!
Missing character: There is no 片 in font nullfont!
Missing character: There is no 面 in font nullfont!
Missing character: There is no 矛 in font nullfont!
Missing character: There is no 盾 in font nullfont!
Missing character: There is no ， in font nullfont!
Missing character: There is no 而 in font nullfont!
Missing character: There is no 是 in font nullfont!
Missing character: There is no 同 in font nullfont!
Missing character: There is no 它 in font nullfont!
Missing character: There is no 的 in font nullfont!
Missing character: There is no 前 in font nullfont!
Missing character: There is no 提 in font nullfont!
Missing character: There is no 发 in font nullfont!
Missing character: There is no 生 in font nullfont!
Missing character: There is no 全 in font nullfont!
Missing character: There is no 面 in font nullfont!
Missing character: There is no 矛 in font nullfont!
Missing character: There is no 盾 in font nullfont!
Missing character: There is no ， in font nullfont!
Missing character: There is no 最 in font nullfont!
Missing character: There is no 后 in font nullfont!
Missing character: There is no ， in font nullfont!
Missing character: There is no 它 in font nullfont!
Missing character: There is no 是 in font nullfont!
Missing character: There is no 一 in font nullfont!
Missing character: There is no 个 in font nullfont!
Missing character: There is no 若 in font nullfont!
Missing character: There is no 不 in font nullfont!
Missing character: There is no 从 in font nullfont!
Missing character: There is no 其 in font nullfont!
Missing character: There is no 它 in font nullfont!
Missing character: There is no 一 in font nullfont!
Missing character: There is no 切 in font nullfont!
Missing character: There is no 社 in font nullfont!
Missing character: There is no 会 in font nullfont!
Missing character: There is no 领 in font nullfont!
Missing character: There is no 域 in font nullfont!
Missing character: There is no 解 in font nullfont!
Missing character: There is no 放 in font nullfont!
Missing character: There is no 出 in font nullfont!
Missing character: There is no 来 in font nullfont!
Missing character: There is no 并 in font nullfont!
Missing character: There is no 同 in font nullfont!
Missing character: There is no 时 in font nullfont!
Missing character: There is no 解 in font nullfont!
Missing character: There is no 放 in font nullfont!
Missing character: There is no 其 in font nullfont!
Missing character: There is no 它 in font nullfont!
Missing character: There is no 一 in font nullfont!
Missing character: There is no 切 in font nullfont!
Missing character: There is no 社 in font nullfont!
Missing character: There is no 会 in font nullfont!
Missing character: There is no 领 in font nullfont!
Missing character: There is no 域 in font nullfont!
Missing character: There is no ， in font nullfont!
Missing character: There is no 就 in font nullfont!
Missing character: There is no 不 in font nullfont!
Missing character: There is no 能 in font nullfont!
Missing character: There is no 解 in font nullfont!
Missing character: There is no 放 in font nullfont!
Missing character: There is no 自 in font nullfont!
Missing character: There is no 己 in font nullfont!
Missing character: There is no 的 in font nullfont!
Missing character: There is no 领 in font nullfont!
Missing character: There is no 域 in font nullfont!
Missing character: There is no ， in font nullfont!
Missing character: There is no 总 in font nullfont!
Missing character: There is no 之 in font nullfont!
Missing character: There is no 是 in font nullfont!
Missing character: There is no 这 in font nullfont!
Missing character: There is no 样 in font nullfont!
Missing character: There is no 一 in font nullfont!
Missing character: There is no 个 in font nullfont!
Missing character: There is no 领 in font nullfont!
Missing character: There is no 域 in font nullfont!
Missing character: There is no ， in font nullfont!
Missing character: There is no 它 in font nullfont!
Missing character: There is no 本 in font nullfont!
Missing character: There is no 身 in font nullfont!
Missing character: There is no 表 in font nullfont!
Missing character: There is no 现 in font nullfont!
Missing character: There is no 了 in font nullfont!
Missing character: There is no 人 in font nullfont!
Missing character: There is no 的 in font nullfont!
Missing character: There is no 完 in font nullfont!
Missing character: There is no 全 in font nullfont!
Missing character: There is no 丧 in font nullfont!
Missing character: There is no 失 in font nullfont!
Missing character: There is no ， in font nullfont!
Missing character: There is no 并 in font nullfont!
Missing character: There is no 因 in font nullfont!
Missing character: There is no 而 in font nullfont!
Missing character: There is no 只 in font nullfont!
Missing character: There is no 有 in font nullfont!
Missing character: There is no 通 in font nullfont!
Missing character: There is no 过 in font nullfont!
Missing character: There is no 人 in font nullfont!
Missing character: There is no 的 in font nullfont!
Missing character: There is no 完 in font nullfont!
Missing character: There is no 全 in font nullfont!
Missing character: There is no 恢 in font nullfont!
Missing character: There is no 复 in font nullfont!
Missing character: There is no 才 in font nullfont!
Missing character: There is no 能 in font nullfont!
Missing character: There is no 恢 in font nullfont!
Missing character: There is no 复 in font nullfont!
Missing character: There is no 自 in font nullfont!
Missing character: There is no 己 in font nullfont!
Missing character: There is no 。 in font nullfont!
Missing character: There is no 这 in font nullfont!
Missing character: There is no 个 in font nullfont!
Missing character: There is no 社 in font nullfont!
Missing character: There is no 会 in font nullfont!
Missing character: There is no 解 in font nullfont!
Missing character: There is no 体 in font nullfont!
Missing character: There is no 的 in font nullfont!
Missing character: There is no 结 in font nullfont!
Missing character: There is no 果 in font nullfont!
Missing character: There is no ， in font nullfont!
Missing character: There is no 作 in font nullfont!
Missing character: There is no 为 in font nullfont!
Missing character: There is no 一 in font nullfont!
Missing character: There is no 个 in font nullfont!
Missing character: There is no 特 in font nullfont!
Missing character: There is no 殊 in font nullfont!
Missing character: There is no 的 in font nullfont!
Missing character: There is no 等 in font nullfont!
Missing character: There is no 级 in font nullfont!
Missing character: There is no 来 in font nullfont!
Missing character: There is no 说 in font nullfont!
Missing character: There is no ， in font nullfont!
Missing character: There is no 就 in font nullfont!
Missing character: There is no 是 in font nullfont!
Missing character: There is no 无 in font nullfont!
Missing character: There is no 产 in font nullfont!
Missing character: There is no 阶 in font nullfont!
Missing character: There is no 级 in font nullfont!
Missing character: There is no 。 in font nullfont!
Missing character: There is no 德 in font nullfont!
Missing character: There is no 国 in font nullfont!
Missing character: There is no 无 in font nullfont!
Missing character: There is no 产 in font nullfont!
Missing character: There is no 阶 in font nullfont!
Missing character: There is no 级 in font nullfont!
Missing character: There is no 是 in font nullfont!
Missing character: There is no 随 in font nullfont!
Missing character: There is no 着 in font nullfont!
Missing character: There is no 刚 in font nullfont!
Missing character: There is no 刚 in font nullfont!
Missing character: There is no 着 in font nullfont!
Missing character: There is no 手 in font nullfont!
Missing character: There is no 为 in font nullfont!
Missing character: There is no 自 in font nullfont!
Missing character: There is no 己 in font nullfont!
Missing character: There is no 开 in font nullfont!
Missing character: There is no 辟 in font nullfont!
Missing character: There is no 道 in font nullfont!
Missing character: There is no 路 in font nullfont!
Missing character: There is no 的 in font nullfont!
Missing character: There is no 工 in font nullfont!
Missing character: There is no 业 in font nullfont!
Missing character: There is no 的 in font nullfont!
Missing character: There is no 发 in font nullfont!
Missing character: There is no 展 in font nullfont!
Missing character: There is no 而 in font nullfont!
Missing character: There is no 形 in font nullfont!
Missing character: There is no 成 in font nullfont!
Missing character: There is no 起 in font nullfont!
Missing character: There is no 来 in font nullfont!
Missing character: There is no 的 in font nullfont!
Missing character: There is no ； in font nullfont!
Missing character: There is no 因 in font nullfont!
Missing character: There is no 为 in font nullfont!
Missing character: There is no 组 in font nullfont!
Missing character: There is no 成 in font nullfont!
Missing character: There is no 无 in font nullfont!
Missing character: There is no 产 in font nullfont!
Missing character: There is no 阶 in font nullfont!
Missing character: There is no 级 in font nullfont!
Missing character: There is no 的 in font nullfont!
Missing character: There is no 不 in font nullfont!
Missing character: There is no 是 in font nullfont!
Missing character: There is no 自 in font nullfont!
Missing character: There is no 发 in font nullfont!
Missing character: There is no 产 in font nullfont!
Missing character: There is no 生 in font nullfont!
Missing character: There is no 的 in font nullfont!
Missing character: There is no 而 in font nullfont!
Missing character: There is no 是 in font nullfont!
Missing character: There is no 人 in font nullfont!
Missing character: There is no 工 in font nullfont!
Missing character: There is no 制 in font nullfont!
Missing character: There is no 造 in font nullfont!
Missing character: There is no 的 in font nullfont!
Missing character: There is no 贫 in font nullfont!
Missing character: There is no 民 in font nullfont!
Missing character: There is no ， in font nullfont!
Missing character: There is no 不 in font nullfont!
Missing character: There is no 是 in font nullfont!
Missing character: There is no 在 in font nullfont!
Missing character: There is no 社 in font nullfont!
Missing character: There is no 会 in font nullfont!
Missing character: There is no 的 in font nullfont!
Missing character: There is no 重 in font nullfont!
Missing character: There is no 担 in font nullfont!
Missing character: There is no 下 in font nullfont!
Missing character: There is no 机 in font nullfont!
Missing character: There is no 械 in font nullfont!
Missing character: There is no 地 in font nullfont!
Missing character: There is no 压 in font nullfont!
Missing character: There is no 出 in font nullfont!
Missing character: There is no 来 in font nullfont!
Missing character: There is no 的 in font nullfont!
Missing character: There is no 而 in font nullfont!
Missing character: There is no 是 in font nullfont!
Missing character: There is no 由 in font nullfont!
Missing character: There is no 于 in font nullfont!
Missing character: There is no 社 in font nullfont!
Missing character: There is no 会 in font nullfont!
Missing character: There is no 的 in font nullfont!
Missing character: There is no 急 in font nullfont!
Missing character: There is no 剧 in font nullfont!
Missing character: There is no 解 in font nullfont!
Missing character: There is no 体 in font nullfont!
Missing character: There is no 过 in font nullfont!
Missing character: There is no 程 in font nullfont!
Missing character: There is no ， in font nullfont!
Missing character: There is no 特 in font nullfont!
Missing character: There is no 别 in font nullfont!
Missing character: There is no 是 in font nullfont!
Missing character: There is no 由 in font nullfont!
Missing character: There is no 于 in font nullfont!
Missing character: There is no 中 in font nullfont!
Missing character: There is no 间 in font nullfont!
Missing character: There is no 等 in font nullfont!
Missing character: There is no 级 in font nullfont!
Missing character: There is no 的 in font nullfont!
Missing character: There is no 解 in font nullfont!
Missing character: There is no 体 in font nullfont!
Missing character: There is no 而 in font nullfont!
Missing character: There is no 产 in font nullfont!
Missing character: There is no 生 in font nullfont!
Missing character: There is no 的 in font nullfont!
Missing character: There is no 群 in font nullfont!
Missing character: There is no 众 in font nullfont!
Missing character: There is no ， in font nullfont!
Missing character: There is no 不 in font nullfont!
Missing character: There is no 言 in font nullfont!
Missing character: There is no 而 in font nullfont!
Missing character: There is no 喻 in font nullfont!
Missing character: There is no ， in font nullfont!
Missing character: There is no 自 in font nullfont!
Missing character: There is no 发 in font nullfont!
Missing character: There is no 产 in font nullfont!
Missing character: There is no 生 in font nullfont!
Missing character: There is no 的 in font nullfont!
Missing character: There is no 贫 in font nullfont!
Missing character: There is no 民 in font nullfont!
Missing character: There is no 和 in font nullfont!
Missing character: There is no 基 in font nullfont!
Missing character: There is no 督 in font nullfont!
Missing character: There is no 教 in font nullfont!
Missing character: There is no 德 in font nullfont!
Missing character: There is no 意 in font nullfont!
Missing character: There is no 志 in font nullfont!
Missing character: There is no 的 in font nullfont!
Missing character: There is no 农 in font nullfont!
Missing character: There is no 奴 in font nullfont!
Missing character: There is no 等 in font nullfont!
Missing character: There is no 级 in font nullfont!
Missing character: There is no 也 in font nullfont!
Missing character: There is no 在 in font nullfont!
Missing character: There is no 不 in font nullfont!
Missing character: There is no 断 in font nullfont!
Missing character: There is no 地 in font nullfont!
Missing character: There is no － in font nullfont!
Missing character: There is no 虽 in font nullfont!
Missing character: There is no 然 in font nullfont!
Missing character: There is no 是 in font nullfont!
Missing character: There is no 逐 in font nullfont!
Missing character: There is no 渐 in font nullfont!
Missing character: There is no 地 in font nullfont!
Missing character: There is no － in font nullfont!
Missing character: There is no 充 in font nullfont!
Missing character: There is no 实 in font nullfont!
Missing character: There is no 无 in font nullfont!
Missing character: There is no 产 in font nullfont!
Missing character: There is no 阶 in font nullfont!
Missing character: There is no 级 in font nullfont!
Missing character: There is no 的 in font nullfont!
Missing character: There is no 队 in font nullfont!
Missing character: There is no 伍 in font nullfont!
Missing character: There is no 。 in font nullfont!

Overfull \hbox (20.0pt too wide) in paragraph at lines 5--7
[][]
 []


./cabstractpage.tex:8: LaTeX Error: Missing \begin{document}.

See the LaTeX manual or LaTeX Companion for explanation.
Type  H <return>  for immediate help.
 ...                                              
                                                  
l.8 无
       产阶级宣告现存世界制度的解体，只不过是揭示自己...
You're in trouble here.  Try typing  <return>  to proceed.
If that doesn't work, type  X <return>  to quit.

Missing character: There is no 无 in font nullfont!
Missing character: There is no 产 in font nullfont!
Missing character: There is no 阶 in font nullfont!
Missing character: There is no 级 in font nullfont!
Missing character: There is no 宣 in font nullfont!
Missing character: There is no 告 in font nullfont!
Missing character: There is no 现 in font nullfont!
Missing character: There is no 存 in font nullfont!
Missing character: There is no 世 in font nullfont!
Missing character: There is no 界 in font nullfont!
Missing character: There is no 制 in font nullfont!
Missing character: There is no 度 in font nullfont!
Missing character: There is no 的 in font nullfont!
Missing character: There is no 解 in font nullfont!
Missing character: There is no 体 in font nullfont!
Missing character: There is no ， in font nullfont!
Missing character: There is no 只 in font nullfont!
Missing character: There is no 不 in font nullfont!
Missing character: There is no 过 in font nullfont!
Missing character: There is no 是 in font nullfont!
Missing character: There is no 揭 in font nullfont!
Missing character: There is no 示 in font nullfont!
Missing character: There is no 自 in font nullfont!
Missing character: There is no 己 in font nullfont!
Missing character: There is no 本 in font nullfont!
Missing character: There is no 身 in font nullfont!
Missing character: There is no 存 in font nullfont!
Missing character: There is no 在 in font nullfont!
Missing character: There is no 的 in font nullfont!
Missing character: There is no 秘 in font nullfont!
Missing character: There is no 密 in font nullfont!
Missing character: There is no ， in font nullfont!
Missing character: There is no 因 in font nullfont!
Missing character: There is no 为 in font nullfont!
Missing character: There is no 它 in font nullfont!
Missing character: There is no 就 in font nullfont!
Missing character: There is no 是 in font nullfont!
Missing character: There is no 这 in font nullfont!
Missing character: There is no 个 in font nullfont!
Missing character: There is no 世 in font nullfont!
Missing character: There is no 界 in font nullfont!
Missing character: There is no 制 in font nullfont!
Missing character: There is no 度 in font nullfont!
Missing character: There is no 的 in font nullfont!
Missing character: There is no 实 in font nullfont!
Missing character: There is no 际 in font nullfont!
Missing character: There is no 解 in font nullfont!
Missing character: There is no 体 in font nullfont!
Missing character: There is no 。 in font nullfont!
Missing character: There is no 无 in font nullfont!
Missing character: There is no 产 in font nullfont!
Missing character: There is no 阶 in font nullfont!
Missing character: There is no 级 in font nullfont!
Missing character: There is no 要 in font nullfont!
Missing character: There is no 求 in font nullfont!
Missing character: There is no 否 in font nullfont!
Missing character: There is no 定 in font nullfont!
Missing character: There is no 私 in font nullfont!
Missing character: There is no 有 in font nullfont!
Missing character: There is no 财 in font nullfont!
Missing character: There is no 产 in font nullfont!
Missing character: There is no ， in font nullfont!
Missing character: There is no 只 in font nullfont!
Missing character: There is no 不 in font nullfont!
Missing character: There is no 过 in font nullfont!
Missing character: There is no 是 in font nullfont!
Missing character: There is no 把 in font nullfont!
Missing character: There is no 社 in font nullfont!
Missing character: There is no 会 in font nullfont!
Missing character: There is no 已 in font nullfont!
Missing character: There is no 经 in font nullfont!
Missing character: There is no 提 in font nullfont!
Missing character: There is no 升 in font nullfont!
Missing character: There is no 为 in font nullfont!
Missing character: There is no 无 in font nullfont!
Missing character: There is no 产 in font nullfont!
Missing character: There is no 阶 in font nullfont!
Missing character: There is no 级 in font nullfont!
Missing character: There is no 的 in font nullfont!
Missing character: There is no 原 in font nullfont!
Missing character: There is no 则 in font nullfont!
Missing character: There is no 的 in font nullfont!
Missing character: There is no 东 in font nullfont!
Missing character: There is no 西 in font nullfont!
Missing character: There is no ， in font nullfont!
Missing character: There is no 把 in font nullfont!
Missing character: There is no 未 in font nullfont!
Missing character: There is no 经 in font nullfont!
Missing character: There is no 无 in font nullfont!
Missing character: There is no 产 in font nullfont!
Missing character: There is no 阶 in font nullfont!
Missing character: There is no 级 in font nullfont!
Missing character: There is no 的 in font nullfont!
Missing character: There is no 协 in font nullfont!
Missing character: There is no 助 in font nullfont!
Missing character: There is no ， in font nullfont!
Missing character: There is no 作 in font nullfont!
Missing character: There is no 为 in font nullfont!
Missing character: There is no 社 in font nullfont!
Missing character: There is no 会 in font nullfont!
Missing character: There is no 的 in font nullfont!
Missing character: There is no 否 in font nullfont!
Missing character: There is no 定 in font nullfont!
Missing character: There is no 结 in font nullfont!
Missing character: There is no 果 in font nullfont!
Missing character: There is no 而 in font nullfont!
Missing character: There is no 体 in font nullfont!
Missing character: There is no 现 in font nullfont!
Missing character: There is no 在 in font nullfont!
Missing character: There is no 它 in font nullfont!
Missing character: There is no 的 in font nullfont!
Missing character: There is no 身 in font nullfont!
Missing character: There is no 上 in font nullfont!
Missing character: There is no ， in font nullfont!
Missing character: There is no 即 in font nullfont!
Missing character: There is no 无 in font nullfont!
Missing character: There is no 产 in font nullfont!
Missing character: There is no 阶 in font nullfont!
Missing character: There is no 级 in font nullfont!
Missing character: There is no 身 in font nullfont!
Missing character: There is no 上 in font nullfont!
Missing character: There is no 的 in font nullfont!
Missing character: There is no 东 in font nullfont!
Missing character: There is no 西 in font nullfont!
Missing character: There is no 提 in font nullfont!
Missing character: There is no 升 in font nullfont!
Missing character: There is no 为 in font nullfont!
Missing character: There is no 社 in font nullfont!
Missing character: There is no 会 in font nullfont!
Missing character: There is no 的 in font nullfont!
Missing character: There is no 原 in font nullfont!
Missing character: There is no 则 in font nullfont!
Missing character: There is no 。 in font nullfont!
Missing character: There is no 无 in font nullfont!
Missing character: There is no 产 in font nullfont!
Missing character: There is no 阶 in font nullfont!
Missing character: There is no 级 in font nullfont!
Missing character: There is no 对 in font nullfont!
Missing character: There is no 正 in font nullfont!
Missing character: There is no 在 in font nullfont!
Missing character: There is no 形 in font nullfont!
Missing character: There is no 成 in font nullfont!
Missing character: There is no 的 in font nullfont!
Missing character: There is no 世 in font nullfont!
Missing character: There is no 界 in font nullfont!
Missing character: There is no 所 in font nullfont!
Missing character: There is no 享 in font nullfont!
Missing character: There is no 有 in font nullfont!
Missing character: There is no 的 in font nullfont!
Missing character: There is no 权 in font nullfont!
Missing character: There is no 利 in font nullfont!
Missing character: There is no 和 in font nullfont!
Missing character: There is no 德 in font nullfont!
Missing character: There is no 国 in font nullfont!
Missing character: There is no 国 in font nullfont!
Missing character: There is no 王 in font nullfont!
Missing character: There is no 对 in font nullfont!
Missing character: There is no 已 in font nullfont!
Missing character: There is no 经 in font nullfont!
Missing character: There is no 形 in font nullfont!
Missing character: There is no 成 in font nullfont!
Missing character: There is no 的 in font nullfont!
Missing character: There is no 世 in font nullfont!
Missing character: There is no 界 in font nullfont!
Missing character: There is no 所 in font nullfont!
Missing character: There is no 享 in font nullfont!
Missing character: There is no 有 in font nullfont!
Missing character: There is no 的 in font nullfont!
Missing character: There is no 权 in font nullfont!
Missing character: There is no 利 in font nullfont!
Missing character: There is no 是 in font nullfont!
Missing character: There is no 一 in font nullfont!
Missing character: There is no 样 in font nullfont!
Missing character: There is no 的 in font nullfont!
Missing character: There is no 。 in font nullfont!
Missing character: There is no 德 in font nullfont!
Missing character: There is no 国 in font nullfont!
Missing character: There is no 国 in font nullfont!
Missing character: There is no 王 in font nullfont!
Missing character: There is no 把 in font nullfont!
Missing character: There is no 人 in font nullfont!
Missing character: There is no 民 in font nullfont!
Missing character: There is no 称 in font nullfont!
Missing character: There is no 为 in font nullfont!
Missing character: There is no 自 in font nullfont!
Missing character: There is no 己 in font nullfont!
Missing character: There is no 的 in font nullfont!
Missing character: There is no 人 in font nullfont!
Missing character: There is no 民 in font nullfont!
Missing character: There is no ， in font nullfont!
Missing character: There is no 正 in font nullfont!
Missing character: There is no 像 in font nullfont!
Missing character: There is no 他 in font nullfont!
Missing character: There is no 把 in font nullfont!
Missing character: There is no 马 in font nullfont!
Missing character: There is no 叫 in font nullfont!
Missing character: There is no 作 in font nullfont!
Missing character: There is no 自 in font nullfont!
Missing character: There is no 己 in font nullfont!
Missing character: There is no 的 in font nullfont!
Missing character: There is no 马 in font nullfont!
Missing character: There is no 一 in font nullfont!
Missing character: There is no 样 in font nullfont!
Missing character: There is no 。 in font nullfont!
Missing character: There is no 国 in font nullfont!
Missing character: There is no 王 in font nullfont!
Missing character: There is no 宣 in font nullfont!
Missing character: There is no 布 in font nullfont!
Missing character: There is no 人 in font nullfont!
Missing character: There is no 民 in font nullfont!
Missing character: There is no 是 in font nullfont!
Missing character: There is no 他 in font nullfont!
Missing character: There is no 的 in font nullfont!
Missing character: There is no 私 in font nullfont!
Missing character: There is no 有 in font nullfont!
Missing character: There is no 财 in font nullfont!
Missing character: There is no 产 in font nullfont!
Missing character: There is no ， in font nullfont!
Missing character: There is no 只 in font nullfont!
Missing character: There is no 不 in font nullfont!
Missing character: There is no 过 in font nullfont!
Missing character: There is no 表 in font nullfont!
Missing character: There is no 明 in font nullfont!
Missing character: There is no 私 in font nullfont!
Missing character: There is no 有 in font nullfont!
Missing character: There is no 财 in font nullfont!
Missing character: There is no 产 in font nullfont!
Missing character: There is no 的 in font nullfont!
Missing character: There is no 所 in font nullfont!
Missing character: There is no 有 in font nullfont!
Missing character: There is no 者 in font nullfont!
Missing character: There is no 就 in font nullfont!
Missing character: There is no 是 in font nullfont!
Missing character: There is no 国 in font nullfont!
Missing character: There is no 王 in font nullfont!
Missing character: There is no 这 in font nullfont!
Missing character: There is no 样 in font nullfont!
Missing character: There is no 一 in font nullfont!
Missing character: There is no 个 in font nullfont!
Missing character: There is no 事 in font nullfont!
Missing character: There is no 实 in font nullfont!
Missing character: There is no 。 in font nullfont!
Missing character: There is no 哲 in font nullfont!
Missing character: There is no 学 in font nullfont!
Missing character: There is no 把 in font nullfont!
Missing character: There is no 无 in font nullfont!
Missing character: There is no 产 in font nullfont!
Missing character: There is no 阶 in font nullfont!
Missing character: There is no 级 in font nullfont!
Missing character: There is no 当 in font nullfont!
Missing character: There is no 做 in font nullfont!
Missing character: There is no 是 in font nullfont!
Missing character: There is no 自 in font nullfont!
Missing character: There is no 己 in font nullfont!
Missing character: There is no 的 in font nullfont!
Missing character: There is no 物 in font nullfont!
Missing character: There is no 质 in font nullfont!
Missing character: There is no 武 in font nullfont!
Missing character: There is no 器 in font nullfont!
Missing character: There is no ， in font nullfont!
Missing character: There is no 同 in font nullfont!
Missing character: There is no 样 in font nullfont!
Missing character: There is no 地 in font nullfont!
Missing character: There is no ， in font nullfont!
Missing character: There is no 无 in font nullfont!
Missing character: There is no 产 in font nullfont!
Missing character: There is no 阶 in font nullfont!
Missing character: There is no 级 in font nullfont!
Missing character: There is no 也 in font nullfont!
Missing character: There is no 把 in font nullfont!
Missing character: There is no 哲 in font nullfont!
Missing character: There is no 学 in font nullfont!
Missing character: There is no 当 in font nullfont!
Missing character: There is no 作 in font nullfont!
Missing character: There is no 自 in font nullfont!
Missing character: There is no 己 in font nullfont!
Missing character: There is no 的 in font nullfont!
Missing character: There is no 精 in font nullfont!
Missing character: There is no 神 in font nullfont!
Missing character: There is no 武 in font nullfont!
Missing character: There is no 器 in font nullfont!
Missing character: There is no ； in font nullfont!
Missing character: There is no 思 in font nullfont!
Missing character: There is no 想 in font nullfont!
Missing character: There is no 的 in font nullfont!
Missing character: There is no 闪 in font nullfont!
Missing character: There is no 电 in font nullfont!
Missing character: There is no 一 in font nullfont!
Missing character: There is no 旦 in font nullfont!
Missing character: There is no 真 in font nullfont!
Missing character: There is no 正 in font nullfont!
Missing character: There is no 射 in font nullfont!
Missing character: There is no 入 in font nullfont!
Missing character: There is no 这 in font nullfont!
Missing character: There is no 块 in font nullfont!
Missing character: There is no 没 in font nullfont!
Missing character: There is no 有 in font nullfont!
Missing character: There is no 触 in font nullfont!
Missing character: There is no 动 in font nullfont!
Missing character: There is no 过 in font nullfont!
Missing character: There is no 的 in font nullfont!
Missing character: There is no 人 in font nullfont!
Missing character: There is no 民 in font nullfont!
Missing character: There is no 园 in font nullfont!
Missing character: There is no 地 in font nullfont!
Missing character: There is no ， in font nullfont!
Missing character: There is no 德 in font nullfont!
Missing character: There is no 国 in font nullfont!
Missing character: There is no 人 in font nullfont!
Missing character: There is no 就 in font nullfont!
Missing character: There is no 会 in font nullfont!
Missing character: There is no 解 in font nullfont!
Missing character: There is no 放 in font nullfont!
Missing character: There is no 为 in font nullfont!
Missing character: There is no 人 in font nullfont!
Missing character: There is no 。 in font nullfont!

./cabstractpage.tex:10: LaTeX Error: \begin{document} ended by \end{abstractzh}.

See the LaTeX manual or LaTeX Companion for explanation.
Type  H <return>  for immediate help.
 ...                                              
                                                  
l.10 \end{abstractzh}
                     
Your command was ignored.
Type  I <command> <return>  to replace it with another command,
or  <return>  to continue without it.

)
! Emergency stop.
<*> cabstractpage.tex
                     
*** (job aborted, no legal \end found)

 
Here is how much of TeX's memory you used:
 6 strings out of 493638
 89 string characters out of 6146796
 53574 words of memory out of 5000000
 3507 multiletter control sequences out of 15000+600000
 3640 words of font info for 14 fonts, out of 8000000 for 9000
 1328 hyphenation exceptions out of 8191
 6i,0n,6p,313b,19s stack positions out of 5000i,500n,10000p,200000b,80000s
No pages of output.
